This is pdfTeX, Version 3.14159265-2.6-1.40.16 (TeX Live 2015/Debian) (preloaded format=pdflatex 2018.3.12)  18 APR 2018 15:18
entering extended mode
 restricted \write18 enabled.
 %&-line parsing enabled.
**CahierDesSpecifications.tex
(./CahierDesSpecifications.tex
LaTeX2e <2016/02/01>
Babel <3.9q> and hyphenation patterns for 81 language(s) loaded.
(/usr/share/texlive/texmf-dist/tex/latex/base/article.cls
Document Class: article 2014/09/29 v1.4h Standard LaTeX document class
(/usr/share/texlive/texmf-dist/tex/latex/base/size10.clo
File: size10.clo 2014/09/29 v1.4h Standard LaTeX file (size option)
)
\c@part=\count79
\c@section=\count80
\c@subsection=\count81
\c@subsubsection=\count82
\c@paragraph=\count83
\c@subparagraph=\count84
\c@figure=\count85
\c@table=\count86
\abovecaptionskip=\skip41
\belowcaptionskip=\skip42
\bibindent=\dimen102
)
(/usr/share/texlive/texmf-dist/tex/latex/base/inputenc.sty
Package: inputenc 2015/03/17 v1.2c Input encoding file
\inpenc@prehook=\toks14
\inpenc@posthook=\toks15

(/usr/share/texlive/texmf-dist/tex/latex/base/latin1.def
File: latin1.def 2015/03/17 v1.2c Input encoding file
))
(/usr/share/texlive/texmf-dist/tex/latex/base/fontenc.sty
Package: fontenc 2005/09/27 v1.99g Standard LaTeX package

(/usr/share/texlive/texmf-dist/tex/latex/base/t1enc.def
File: t1enc.def 2005/09/27 v1.99g Standard LaTeX file
LaTeX Font Info:    Redeclaring font encoding T1 on input line 48.
))
(/usr/share/texlive/texmf-dist/tex/generic/babel/babel.sty
Package: babel 2016/02/24 3.9q The Babel package

(/usr/share/texlive/texmf-dist/tex/generic/babel-french/frenchb.ldf
Language: frenchb 2016/02/13 v3.1l French support from the babel system

(/usr/share/texlive/texmf-dist/tex/generic/babel/babel.def
File: babel.def 2016/02/24 3.9q Babel common definitions
\babel@savecnt=\count87
\U@D=\dimen103
)
\l@acadian = a dialect from \language\l@french 
\l@canadien = a dialect from \language\l@french 
\FBcolonskip=\skip43
\FBthinskip=\skip44
Package babel Info: Making : an active character on input line 342.
Package babel Info: Making ; an active character on input line 343.
Package babel Info: Making ! an active character on input line 344.
Package babel Info: Making ? an active character on input line 345.
\FBguillskip=\skip45
\FBguill@level=\count88
\FB@everypar=\toks16
\FB@Mht=\dimen104
\std@mcc=\count89
\dec@mcc=\count90
\listindentFB=\skip46
\labelwidthFB=\skip47
\leftmarginFB=\skip48
\parindentFFN=\dimen105
))
(/usr/share/texlive/texmf-dist/tex/latex/carlisle/scalefnt.sty)
(/usr/share/texlive/texmf-dist/tex/latex/graphics/keyval.sty
Package: keyval 2014/10/28 v1.15 key=value parser (DPC)
\KV@toks@=\toks17
)
(/usr/share/texlive/texmf-dist/tex/latex/graphics/graphicx.sty
Package: graphicx 2014/10/28 v1.0g Enhanced LaTeX Graphics (DPC,SPQR)

(/usr/share/texlive/texmf-dist/tex/latex/graphics/graphics.sty
Package: graphics 2016/01/03 v1.0q Standard LaTeX Graphics (DPC,SPQR)

(/usr/share/texlive/texmf-dist/tex/latex/graphics/trig.sty
Package: trig 2016/01/03 v1.10 sin cos tan (DPC)
)
(/usr/share/texlive/texmf-dist/tex/latex/latexconfig/graphics.cfg
File: graphics.cfg 2010/04/23 v1.9 graphics configuration of TeX Live
)
Package graphics Info: Driver file: pdftex.def on input line 95.

(/usr/share/texlive/texmf-dist/tex/latex/pdftex-def/pdftex.def
File: pdftex.def 2011/05/27 v0.06d Graphics/color for pdfTeX

(/usr/share/texlive/texmf-dist/tex/generic/oberdiek/infwarerr.sty
Package: infwarerr 2010/04/08 v1.3 Providing info/warning/error messages (HO)
)
(/usr/share/texlive/texmf-dist/tex/generic/oberdiek/ltxcmds.sty
Package: ltxcmds 2011/11/09 v1.22 LaTeX kernel commands for general use (HO)
)
\Gread@gobject=\count91
))
\Gin@req@height=\dimen106
\Gin@req@width=\dimen107
)
(/usr/share/texlive/texmf-dist/tex/latex/geometry/geometry.sty
Package: geometry 2010/09/12 v5.6 Page Geometry

(/usr/share/texlive/texmf-dist/tex/generic/oberdiek/ifpdf.sty
Package: ifpdf 2011/01/30 v2.3 Provides the ifpdf switch (HO)
Package ifpdf Info: pdfTeX in PDF mode is detected.
)
(/usr/share/texlive/texmf-dist/tex/generic/oberdiek/ifvtex.sty
Package: ifvtex 2010/03/01 v1.5 Detect VTeX and its facilities (HO)
Package ifvtex Info: VTeX not detected.
)
(/usr/share/texlive/texmf-dist/tex/generic/ifxetex/ifxetex.sty
Package: ifxetex 2010/09/12 v0.6 Provides ifxetex conditional
)
\Gm@cnth=\count92
\Gm@cntv=\count93
\c@Gm@tempcnt=\count94
\Gm@bindingoffset=\dimen108
\Gm@wd@mp=\dimen109
\Gm@odd@mp=\dimen110
\Gm@even@mp=\dimen111
\Gm@layoutwidth=\dimen112
\Gm@layoutheight=\dimen113
\Gm@layouthoffset=\dimen114
\Gm@layoutvoffset=\dimen115
\Gm@dimlist=\toks18
)
(/usr/share/texlive/texmf-dist/tex/latex/graphics/color.sty
Package: color 2016/01/03 v1.1b Standard LaTeX Color (DPC)

(/usr/share/texlive/texmf-dist/tex/latex/latexconfig/color.cfg
File: color.cfg 2007/01/18 v1.5 color configuration of teTeX/TeXLive
)
Package color Info: Driver file: pdftex.def on input line 143.
)
(./CahierDesSpecifications.aux
! Undefined control sequence.
l.6 \babel@aux
              {french}{}
? 

! LaTeX Error: Missing \begin{document}.

See the LaTeX manual or LaTeX Companion for explanation.
Type  H <return>  for immediate help.
 ...                                              
                                                  
l.6 \babel@aux{f
                rench}{}
? 
)
\openout1 = `CahierDesSpecifications.aux'.

LaTeX Font Info:    Checking defaults for OML/cmm/m/it on input line 12.
LaTeX Font Info:    ... okay on input line 12.
LaTeX Font Info:    Checking defaults for T1/cmr/m/n on input line 12.
LaTeX Font Info:    ... okay on input line 12.
LaTeX Font Info:    Checking defaults for OT1/cmr/m/n on input line 12.
LaTeX Font Info:    ... okay on input line 12.
LaTeX Font Info:    Checking defaults for OMS/cmsy/m/n on input line 12.
LaTeX Font Info:    ... okay on input line 12.
LaTeX Font Info:    Checking defaults for OMX/cmex/m/n on input line 12.
LaTeX Font Info:    ... okay on input line 12.
LaTeX Font Info:    Checking defaults for U/cmr/m/n on input line 12.
LaTeX Font Info:    ... okay on input line 12.
LaTeX Info: Redefining \degres on input line 12.
LaTeX Info: Redefining \dots on input line 12.
LaTeX Info: Redefining \up on input line 12.
 (/usr/share/texlive/texmf-dist/tex/context/base/supp-pdf.mkii
[Loading MPS to PDF converter (version 2006.09.02).]
\scratchcounter=\count95
\scratchdimen=\dimen116
\scratchbox=\box26
\nofMPsegments=\count96
\nofMParguments=\count97
\everyMPshowfont=\toks19
\MPscratchCnt=\count98
\MPscratchDim=\dimen117
\MPnumerator=\count99
\makeMPintoPDFobject=\count100
\everyMPtoPDFconversion=\toks20
) (/usr/share/texlive/texmf-dist/tex/generic/oberdiek/pdftexcmds.sty
Package: pdftexcmds 2011/11/29 v0.20 Utility functions of pdfTeX for LuaTeX (HO
)

(/usr/share/texlive/texmf-dist/tex/generic/oberdiek/ifluatex.sty
Package: ifluatex 2010/03/01 v1.3 Provides the ifluatex switch (HO)
Package ifluatex Info: LuaTeX not detected.
)
Package pdftexcmds Info: LuaTeX not detected.
Package pdftexcmds Info: \pdf@primitive is available.
Package pdftexcmds Info: \pdf@ifprimitive is available.
Package pdftexcmds Info: \pdfdraftmode found.
)
(/usr/share/texlive/texmf-dist/tex/latex/oberdiek/epstopdf-base.sty
Package: epstopdf-base 2010/02/09 v2.5 Base part for package epstopdf

(/usr/share/texlive/texmf-dist/tex/latex/oberdiek/grfext.sty
Package: grfext 2010/08/19 v1.1 Manage graphics extensions (HO)

(/usr/share/texlive/texmf-dist/tex/generic/oberdiek/kvdefinekeys.sty
Package: kvdefinekeys 2011/04/07 v1.3 Define keys (HO)
))
(/usr/share/texlive/texmf-dist/tex/latex/oberdiek/kvoptions.sty
Package: kvoptions 2011/06/30 v3.11 Key value format for package options (HO)

(/usr/share/texlive/texmf-dist/tex/generic/oberdiek/kvsetkeys.sty
Package: kvsetkeys 2012/04/25 v1.16 Key value parser (HO)

(/usr/share/texlive/texmf-dist/tex/generic/oberdiek/etexcmds.sty
Package: etexcmds 2011/02/16 v1.5 Avoid name clashes with e-TeX commands (HO)
Package etexcmds Info: Could not find \expanded.
(etexcmds)             That can mean that you are not using pdfTeX 1.50 or
(etexcmds)             that some package has redefined \expanded.
(etexcmds)             In the latter case, load this package earlier.
)))
Package grfext Info: Graphics extension search list:
(grfext)             [.png,.pdf,.jpg,.mps,.jpeg,.jbig2,.jb2,.PNG,.PDF,.JPG,.JPE
G,.JBIG2,.JB2,.eps]
(grfext)             \AppendGraphicsExtensions on input line 452.

(/usr/share/texlive/texmf-dist/tex/latex/latexconfig/epstopdf-sys.cfg
File: epstopdf-sys.cfg 2010/07/13 v1.3 Configuration of (r)epstopdf for TeX Liv
e
))
*geometry* driver: auto-detecting
*geometry* detected driver: pdftex
*geometry* verbose mode - [ preamble ] result:
* driver: pdftex
* paper: <default>
* layout: <same size as paper>
* layoutoffset:(h,v)=(0.0pt,0.0pt)
* modes: 
* h-part:(L,W,R)=(98.16191pt, 417.97118pt, 98.16191pt)
* v-part:(T,H,B)=(85.35826pt, 624.25346pt, 85.35826pt)
* \paperwidth=614.295pt
* \paperheight=794.96999pt
* \textwidth=417.97118pt
* \textheight=624.25346pt
* \oddsidemargin=25.89192pt
* \evensidemargin=25.89192pt
* \topmargin=-23.91173pt
* \headheight=12.0pt
* \headsep=25.0pt
* \topskip=10.0pt
* \footskip=30.0pt
* \marginparwidth=65.0pt
* \marginparsep=11.0pt
* \columnsep=10.0pt
* \skip\footins=9.0pt plus 4.0pt minus 2.0pt
* \hoffset=0.0pt
* \voffset=0.0pt
* \mag=1000
* \@twocolumnfalse
* \@twosidefalse
* \@mparswitchfalse
* \@reversemarginfalse
* (1in=72.27pt=25.4mm, 1cm=28.453pt)

[1

{/var/lib/texmf/fonts/map/pdftex/updmap/pdftex.map}]
LaTeX Font Info:    Try loading font information for OMS+cmr on input line 17.

(/usr/share/texlive/texmf-dist/tex/latex/base/omscmr.fd
File: omscmr.fd 2014/09/29 v2.5h Standard LaTeX font definitions
)
LaTeX Font Info:    Font shape `OMS/cmr/m/n' in size <17.28> not available
(Font)              Font shape `OMS/cmsy/m/n' tried instead on input line 17.
LaTeX Font Info:    External font `cmex10' loaded for size
(Font)              <12> on input line 17.
LaTeX Font Info:    External font `cmex10' loaded for size
(Font)              <8> on input line 17.
LaTeX Font Info:    External font `cmex10' loaded for size
(Font)              <6> on input line 17.
 [2]
(./CahierDesSpecifications.toc
! Undefined control sequence.
l.1 \babel@toc
               {french}{}
? 

! LaTeX Error: Something's wrong--perhaps a missing \item.

See the LaTeX manual or LaTeX Companion for explanation.
Type  H <return>  for immediate help.
 ...                                              
                                                  
l.2 ...e {section}{\numberline {1}Introduction}{3}
                                                  
? 

! LaTeX Error: Something's wrong--perhaps a missing \item.

See the LaTeX manual or LaTeX Companion for explanation.
Type  H <return>  for immediate help.
 ...                                              
                                                  
l.2 ...e {section}{\numberline {1}Introduction}{3}
                                                  
? 
LaTeX Font Info:    Font shape `OMS/cmr/bx/n' in size <9> not available
(Font)              Font shape `OMS/cmsy/b/n' tried instead on input line 3.
LaTeX Font Info:    Font shape `OMS/cmr/m/n' in size <9> not available
(Font)              Font shape `OMS/cmsy/m/n' tried instead on input line 4.
LaTeX Font Info:    External font `cmex10' loaded for size
(Font)              <9> on input line 4.
LaTeX Font Info:    External font `cmex10' loaded for size
(Font)              <5> on input line 4.
)
\tf@toc=\write3
\openout3 = `CahierDesSpecifications.toc'.

 [3]
LaTeX Font Info:    Font shape `OMS/cmr/bx/n' in size <14.4> not available
(Font)              Font shape `OMS/cmsy/b/n' tried instead on input line 30.
LaTeX Font Info:    Font shape `OMS/cmr/bx/n' in size <12> not available
(Font)              Font shape `OMS/cmsy/b/n' tried instead on input line 31.

! Missing $ inserted.
<inserted text> 
                $
l.38 ... l'algorithme de r√©tro-propagation (d'o√π
                                                   le double chainage).
? 
! Extra }, or forgotten $.
\mathonesuperior ->{^1}
                       
l.38 ... l'algorithme de r√©tro-propagation (d'o√π
                                                   le double chainage).
? 

LaTeX Warning: Command \~ invalid in math mode on input line 39.


LaTeX Warning: Command \~ invalid in math mode on input line 39.


LaTeX Warning: Command \~ invalid in math mode on input line 39.


LaTeX Warning: Command \~ invalid in math mode on input line 39.


LaTeX Warning: Command \~ invalid in math mode on input line 39.


LaTeX Warning: Command \~ invalid in math mode on input line 40.


LaTeX Warning: Command \~ invalid in math mode on input line 40.


LaTeX Warning: Command \~ invalid in math mode on input line 40.


LaTeX Warning: Command \" invalid in math mode on input line 40.

! Please use \mathaccent for accents in math mode.
\add@accent ...@spacefactor \spacefactor }\accent 
                                                  #1 #2\egroup \spacefactor ...
l.40 ...uche et d'un autre pointeur sur la derni√®
                                                  re couche.
? 
! Missing { inserted.
<to be read again> 
                   \egroup 
l.40 ...uche et d'un autre pointeur sur la derni√®
                                                  re couche.
? 
! You can't use `\spacefactor' in math mode.
\add@accent ...}\accent #1 #2\egroup \spacefactor 
                                                  \accent@spacefactor 
l.40 ...uche et d'un autre pointeur sur la derni√®
                                                  re couche.
? 
! Missing $ inserted.
<inserted text> 
                $
l.41 
     
? 
! Missing } inserted.
<inserted text> 
                }
l.41 
     
? 
Missing character: There is no √ in font cmr9!
Missing character: There is no √ in font cmr9!
Missing character: There is no √ in font cmr9!
Missing character: There is no √ in font cmr9!
Missing character: There is no √ in font cmr9!
Missing character: There is no √ in font cmr9!
Missing character: There is no √ in font cmr9!
Missing character: There is no √ in font cmr9!
Missing character: There is no Ë in font cmex10!

Overfull \hbox (1015.55127pt too wide) in paragraph at lines 32--41
\T1/cmr/m/n/9 (d'o√$[]\OML/cmm/m/it/9 ledoublechainage\OT1/cmr/m/n/9 )\OML/cmm/
m/it/9 :Afinderegrouperlesinformationsg[]n[]ralesd[]unr[]seaudeneurones; nousav
onscr[]eunepetitestructurecontenanttoutessortesd[]informationscommeladatedecr[]
ation:Unr[]seaudeneuronesestdoncconstitu[]d[]unestructured[]informationsainsiqu
ed[]unpointeursurlapremierecoucheetd[]unautrepointeursurladerni[]$ 
 []

! Missing $ inserted.
<inserted text> 
                $
l.48 ...) et est compos√© d'√©lements $w_{ij}$ o√π
                                                   j est le num√©ro du neuro...

? 
! Extra }, or forgotten $.
\mathonesuperior ->{^1}
                       
l.48 ...) et est compos√© d'√©lements $w_{ij}$ o√π
                                                   j est le num√©ro du neuro...

? 

LaTeX Warning: Command \~ invalid in math mode on input line 48.


LaTeX Warning: Command \~ invalid in math mode on input line 48.


LaTeX Warning: Command \~ invalid in math mode on input line 48.


! LaTeX Error: There's no line here to end.

See the LaTeX manual or LaTeX Companion for explanation.
Type  H <return>  for immediate help.
 ...                                              
                                                  
l.48 ...um√©ro du neurone de la couche actuelle.\\
                                                  
? 
! Missing $ inserted.
<inserted text> 
                $
l.48 ...um√©ro du neurone de la couche actuelle.\\
                                                  
? 
! Missing } inserted.
<inserted text> 
                }
l.48 ...um√©ro du neurone de la couche actuelle.\\
                                                  
? 
Missing character: There is no √ in font cmr9!
Missing character: There is no √ in font cmr9!
Missing character: There is no √ in font cmr9!
[4]
! Missing $ inserted.
<inserted text> 
                $
l.84 ...√©sent dans un nombre entre 0 et 255 d'o√π
                                                   le type char qui convient...

? 
! Extra }, or forgotten $.
\mathonesuperior ->{^1}
                       
l.84 ...√©sent dans un nombre entre 0 et 255 d'o√π
                                                   le type char qui convient...

? 
! Missing $ inserted.
<inserted text> 
                $
l.85 	\begin{flushleft}
                       
? 
! Missing \endgroup inserted.
<inserted text> 
                \endgroup 
l.85 	\begin{flushleft}
                       
? 

! LaTeX Error: \begin{document} ended by \end{flushleft}.

See the LaTeX manual or LaTeX Companion for explanation.
Type  H <return>  for immediate help.
 ...                                              
                                                  
l.96 	\end{flushleft}
                     
? 
! Missing } inserted.
<inserted text> 
                }
l.96 	\end{flushleft}
                     
? 
! Missing } inserted.
<inserted text> 
                }
l.96 	\end{flushleft}
                     
? 
! Extra \endgroup.
<recently read> \endgroup 
                          
l.96 	\end{flushleft}
                     
? 
[5]
Overfull \hbox (6.93568pt too wide) in paragraph at lines 122--124
\T1/cmr/m/n/9 Le deuxi√^^Dme ta-bleau est a deux di-men-sion car DELTA_M est di
s-po-nible au mo-ment ou cette op√[]ration
 []

! Missing $ inserted.
<inserted text> 
                $
l.127 ... elle effectue un produit matricielle o√π
                                                   les matrices ne sont pas ...

? 
! Extra }, or forgotten $.
\mathonesuperior ->{^1}
                       
l.127 ... elle effectue un produit matricielle o√π
                                                   les matrices ne sont pas ...

? 

LaTeX Warning: Command \~ invalid in math mode on input line 127.


LaTeX Warning: Command \textordfeminine invalid in math mode on input line 127.



LaTeX Warning: Command \~ invalid in math mode on input line 127.

! Missing $ inserted.
<inserted text> 
                $
l.128 
      
? 
Missing character: There is no √ in font cmr9!
Missing character: There is no √ in font cmr9!

Overfull \hbox (329.47609pt too wide) in paragraph at lines 127--128
\T1/cmr/m/n/9 deux cas mais ne trans-posent pas de ma-trice, elle ef-fec-tue un
 pro-duit ma-tri-cielle o√$[]\OML/cmm/m/it/9 lesmatricesnesontpasluesdanslesens
conventionnelduproduitmatricielafind[]obtenirlem[]mer[]sultat:$ 
 []

[6] [7] [8] <cap.PNG, id=49, 637.78275pt x 405.9165pt>
! Illegal unit of measure (pt inserted).
<to be read again> 
                   \relax 
l.227 ...egraphics[height=244, width=400]{cap.PNG}
                                                  
? 
! Illegal unit of measure (pt inserted).
<to be read again> 
                   \relax 
l.227 ...egraphics[height=244, width=400]{cap.PNG}
                                                  
? 
File: cap.PNG Graphic file (type png)
<use cap.PNG>
Package pdftex.def Info: cap.PNG used on input line 227.
(pdftex.def)             Requested size: 400.0146pt x 244.00392pt.

! Missing $ inserted.
<inserted text> 
                $
l.231 √† sa port√©e o√π
                        il peut selectionner des reseaux de neurones qu'il a...

? 
! Extra }, or forgotten $.
\mathonesuperior ->{^1}
                       
l.231 √† sa port√©e o√π
                        il peut selectionner des reseaux de neurones qu'il a...

? 

LaTeX Warning: Command \~ invalid in math mode on input line 231.


LaTeX Warning: Command \~ invalid in math mode on input line 231.


LaTeX Warning: Command \~ invalid in math mode on input line 231.


LaTeX Warning: Command \~ invalid in math mode on input line 231.


LaTeX Warning: Command \~ invalid in math mode on input line 232.


LaTeX Warning: Command \~ invalid in math mode on input line 232.


LaTeX Warning: Command \~ invalid in math mode on input line 233.


LaTeX Warning: Command \~ invalid in math mode on input line 234.


LaTeX Warning: Command \~ invalid in math mode on input line 236.


LaTeX Warning: Command \~ invalid in math mode on input line 236.


LaTeX Warning: Command \~ invalid in math mode on input line 237.


LaTeX Warning: Command \~ invalid in math mode on input line 238.


LaTeX Warning: Command \" invalid in math mode on input line 238.

! Please use \mathaccent for accents in math mode.
\add@accent ...@spacefactor \spacefactor }\accent 
                                                  #1 #2\egroup \spacefactor ...
l.238 Apr√®
           s validation des informations une nouvelle page s'ouvrira o√π l'u...

? 
! Missing { inserted.
<to be read again> 
                   \egroup 
l.238 Apr√®
           s validation des informations une nouvelle page s'ouvrira o√π l'u...

? 
! You can't use `\spacefactor' in math mode.
\add@accent ...}\accent #1 #2\egroup \spacefactor 
                                                  \accent@spacefactor 
l.238 Apr√®
           s validation des informations une nouvelle page s'ouvrira o√π l'u...

? 

LaTeX Warning: Command \~ invalid in math mode on input line 238.


LaTeX Warning: Command \~ invalid in math mode on input line 238.


LaTeX Warning: Command \~ invalid in math mode on input line 239.


LaTeX Warning: Command \~ invalid in math mode on input line 240.


LaTeX Warning: Command \~ invalid in math mode on input line 241.


LaTeX Warning: Command \~ invalid in math mode on input line 241.


LaTeX Warning: Command \~ invalid in math mode on input line 241.


LaTeX Warning: Command \textregistered invalid in math mode on input line 241.


LaTeX Warning: Command \textcircled invalid in math mode on input line 241.


LaTeX Warning: Command \textcircled invalid in math mode on input line 241.


LaTeX Warning: Command \~ invalid in math mode on input line 242.


LaTeX Warning: Command \~ invalid in math mode on input line 242.

! Please use \mathaccent for accents in math mode.
\add@accent ...@spacefactor \spacefactor }\accent 
                                                  #1 #2\egroup \spacefactor ...
l.242 L'utilisateur pourra arr√
                               ™ter le processus d'apprentissage √† n'import...

? 
! Missing { inserted.
<to be read again> 
                   \edef 
l.242 L'utilisateur pourra arr√
                               ™ter le processus d'apprentissage √† n'import...

? 
! You can't use `\spacefactor' in math mode.
\add@accent ...}\accent #1 #2\egroup \spacefactor 
                                                  \accent@spacefactor 
l.242 L'utilisateur pourra arr√
                               ™ter le processus d'apprentissage √† n'import...

? 

LaTeX Warning: Command \textordfeminine invalid in math mode on input line 242.



LaTeX Warning: Command \~ invalid in math mode on input line 242.

! Please use \mathaccent for accents in math mode.
\add@accent ...@spacefactor \spacefactor }\accent 
                                                  #1 #2\egroup \spacefactor ...
l.242 ...a arr√™ter le processus d'apprentissage √
                                                  † n'importe quel moment ou...

? 
! You can't use `\spacefactor' in math mode.
\add@accent ...}\accent #1 #2\egroup \spacefactor 
                                                  \accent@spacefactor 
l.242 ...a arr√™ter le processus d'apprentissage √
                                                  † n'importe quel moment ou...

? 

LaTeX Warning: Command \~ invalid in math mode on input line 242.

! Please use \mathaccent for accents in math mode.
\add@accent ...@spacefactor \spacefactor }\accent 
                                                  #1 #2\egroup \spacefactor ...
l.242 ...el moment ou le laisser continuer jusqu'√
                                                  † ce que le r√©pertoire so...

? 
! You can't use `\spacefactor' in math mode.
\add@accent ...}\accent #1 #2\egroup \spacefactor 
                                                  \accent@spacefactor 
l.242 ...el moment ou le laisser continuer jusqu'√
                                                  † ce que le r√©pertoire so...

? 

LaTeX Warning: Command \~ invalid in math mode on input line 242.

! Please use \mathaccent for accents in math mode.
\add@accent ...@spacefactor \spacefactor }\accent 
                                                  #1 #2\egroup \spacefactor ...
l.242 ...e laisser continuer jusqu'√† ce que le r√
                                                  ©pertoire soit vide.
? 
! You can't use `\spacefactor' in math mode.
\add@accent ...}\accent #1 #2\egroup \spacefactor 
                                                  \accent@spacefactor 
l.242 ...e laisser continuer jusqu'√† ce que le r√
                                                  ©pertoire soit vide.
? 

LaTeX Warning: Command \~ invalid in math mode on input line 243.

! Please use \mathaccent for accents in math mode.
\add@accent ...@spacefactor \spacefactor }\accent 
                                                  #1 #2\egroup \spacefactor ...
l.243 Apr√
          ®s la fin de l'apprentissage l'utilisateur pourra tester son r√©se...

? 
! You can't use `\spacefactor' in math mode.
\add@accent ...}\accent #1 #2\egroup \spacefactor 
                                                  \accent@spacefactor 
l.243 Apr√
          ®s la fin de l'apprentissage l'utilisateur pourra tester son r√©se...

? 

LaTeX Warning: Command \" invalid in math mode on input line 243.

! Please use \mathaccent for accents in math mode.
\add@accent ...@spacefactor \spacefactor }\accent 
                                                  #1 #2\egroup \spacefactor ...
l.243 Apr√®
           s la fin de l'apprentissage l'utilisateur pourra tester son r√©se...

? 
! Missing { inserted.
<to be read again> 
                   \egroup 
l.243 Apr√®
           s la fin de l'apprentissage l'utilisateur pourra tester son r√©se...

? 
! You can't use `\spacefactor' in math mode.
\add@accent ...}\accent #1 #2\egroup \spacefactor 
                                                  \accent@spacefactor 
l.243 Apr√®
           s la fin de l'apprentissage l'utilisateur pourra tester son r√©se...

? 

LaTeX Warning: Command \~ invalid in math mode on input line 243.

! Please use \mathaccent for accents in math mode.
\add@accent ...@spacefactor \spacefactor }\accent 
                                                  #1 #2\egroup \spacefactor ...
l.243 ...issage l'utilisateur pourra tester son r√
                                                  ©seau de neurones en lui f...

? 
! You can't use `\spacefactor' in math mode.
\add@accent ...}\accent #1 #2\egroup \spacefactor 
                                                  \accent@spacefactor 
l.243 ...issage l'utilisateur pourra tester son r√
                                                  ©seau de neurones en lui f...

? 

LaTeX Warning: Command \~ invalid in math mode on input line 243.

! Please use \mathaccent for accents in math mode.
\add@accent ...@spacefactor \spacefactor }\accent 
                                                  #1 #2\egroup \spacefactor ...
l.243 ... activations des neurones de sortie du r√
                                                  ©seau.
? 
! You can't use `\spacefactor' in math mode.
\add@accent ...}\accent #1 #2\egroup \spacefactor 
                                                  \accent@spacefactor 
l.243 ... activations des neurones de sortie du r√
                                                  ©seau.
? 

LaTeX Warning: Command \~ invalid in math mode on input line 244.

! Please use \mathaccent for accents in math mode.
\add@accent ...@spacefactor \spacefactor }\accent 
                                                  #1 #2\egroup \spacefactor ...
l.244 ... fin l'utilisateur pourra supprimer le r√
                                                  ©seau de neurones.
? 
! You can't use `\spacefactor' in math mode.
\add@accent ...}\accent #1 #2\egroup \spacefactor 
                                                  \accent@spacefactor 
l.244 ... fin l'utilisateur pourra supprimer le r√
                                                  ©seau de neurones.
? 
! Missing $ inserted.
<inserted text> 
                $
l.245 
      
? 
! Missing } inserted.
<inserted text> 
                }
l.245 
      
? 
! Missing } inserted.
<inserted text> 
                }
l.245 
      
? 
! Missing } inserted.
<inserted text> 
                }
l.245 
      
? 
Missing character: There is no √ in font cmr9!
Missing character: There is no √ in font cmr9!
Missing character: There is no √ in font cmr9!
Missing character: There is no √ in font cmr9!
Missing character: There is no √ in font cmr9!
Missing character: There is no √ in font cmr9!
Missing character: There is no √ in font cmr9!
Missing character: There is no √ in font cmr9!
Missing character: There is no √ in font cmr9!
Missing character: There is no √ in font cmr9!
Missing character: There is no √ in font cmr9!
Missing character: There is no √ in font cmr9!
Missing character: There is no Ë in font cmex10!
Missing character: There is no √ in font cmr9!
Missing character: There is no √ in font cmr9!
Missing character: There is no √ in font cmr9!
Missing character: There is no √ in font cmr9!
Missing character: There is no √ in font cmr9!
Missing character: There is no √ in font cmr9!
Missing character: There is no √ in font cmr9!
Missing character: There is no Á in font cmex10!
Missing character: There is no Á in font cmex10!
Missing character: There is no Á in font cmex10!
Missing character: There is no Á in font cmex10!
Missing character: There is no Á in font cmex10!
Missing character: There is no Ë in font cmex10!
Missing character: There is no Á in font cmex10!
Missing character: There is no Á in font cmex10!
Missing character: There is no Á in font cmex10!

Overfull \hbox (969.40717pt too wide) in paragraph at lines 230--245
\T1/cmr/m/n/9 la-tions. Il a un menu √  sa port√[]e o√$[]\OML/cmm/m/it/9 ilpeut
selectionnerdesreseauxdeneuronesqu[]ilad[]j cr[]epr[]alablement:Ilpeutenchoisir
unetcontinuerl[]usagedel[]applicationoubienilpeutencr[]erun nouveauencliquantsu
rleboutoncreerquiledirigeraversunenouvellepageouildevraremplirlesdifferentscham
psaveclesinformationsnecessairescomme \OT1/cmr/m/n/9 :
 []


Overfull \hbox (118.16074pt too wide) in paragraph at lines 230--245
\OMS/cmsy/m/n/9 ^^@ \OML/cmm/m/it/9 tailleMaxquiestlataillemaximaledesimagesqu[
]ildevraanalyser\OT1/cmr/m/n/9 (\OML/cmm/m/it/9 quipreciseralenombredeneuronesd
[]entr[]edureseaudeneurones\OT1/cmr/m/n/9 )\OML/cmm/m/it/9 :[] 
 []


Overfull \hbox (3306.64948pt too wide) in paragraph at lines 230--245
\OML/cmm/m/it/9 Ainsiilcliquerasurleboutonvaliderpourconfirmerlesinformations; 
oubiensurleboutonretourquileredirigera lapaged[]accueil:Apr[]$ 
 []

[9 <./cap.PNG>] <pic-min.PNG, id=55, 903.375pt x 461.725pt>
! Illegal unit of measure (pt inserted).
<to be read again> 
                   \relax 
l.252 ...phics[height=244, width=300]{pic-min.PNG}
                                                  
? 
! Illegal unit of measure (pt inserted).
<to be read again> 
                   \relax 
l.252 ...phics[height=244, width=300]{pic-min.PNG}
                                                  
? 
File: pic-min.PNG Graphic file (type png)
<use pic-min.PNG>
Package pdftex.def Info: pic-min.PNG used on input line 252.
(pdftex.def)             Requested size: 300.00313pt x 244.00151pt.
 [10 <./pic-min.PNG>] [11] (./CahierDesSpecifications.aux) )
(\end occurred inside a group at level 2)

### simple group (level 2) entered at line 231 ({)
### simple group (level 1) entered at line 127 ({)
### bottom level 
Here is how much of TeX's memory you used:
 3395 strings out of 493029
 47511 string characters out of 6136234
 127790 words of memory out of 5000000
 6881 multiletter control sequences out of 15000+600000
 16681 words of font info for 41 fonts, out of 8000000 for 9000
 1141 hyphenation exceptions out of 8191
 38i,12n,30p,785b,439s stack positions out of 5000i,500n,10000p,200000b,80000s
{/usr/share/texmf/fonts/enc/dvips/cm-super/cm-super-t1.enc}</us
r/share/texlive/texmf-dist/fonts/type1/public/amsfonts/cm/cmbsy10.pfb></usr/sha
re/texlive/texmf-dist/fonts/type1/public/amsfonts/cmextra/cmbsy9.pfb></usr/shar
e/texlive/texmf-dist/fonts/type1/public/amsfonts/cm/cmmi5.pfb></usr/share/texli
ve/texmf-dist/fonts/type1/public/amsfonts/cm/cmmi6.pfb></usr/share/texlive/texm
f-dist/fonts/type1/public/amsfonts/cm/cmmi9.pfb></usr/share/texlive/texmf-dist/
fonts/type1/public/amsfonts/cm/cmr6.pfb></usr/share/texlive/texmf-dist/fonts/ty
pe1/public/amsfonts/cm/cmr9.pfb></usr/share/texlive/texmf-dist/fonts/type1/publ
ic/amsfonts/cm/cmsy10.pfb></usr/share/texlive/texmf-dist/fonts/type1/public/ams
fonts/cm/cmsy5.pfb></usr/share/texlive/texmf-dist/fonts/type1/public/amsfonts/c
m/cmsy6.pfb></usr/share/texlive/texmf-dist/fonts/type1/public/amsfonts/cm/cmsy9
.pfb></usr/share/texmf/fonts/type1/public/cm-super/sfbx0900.pfb></usr/share/tex
mf/fonts/type1/public/cm-super/sfbx1000.pfb></usr/share/texmf/fonts/type1/publi
c/cm-super/sfbx1200.pfb></usr/share/texmf/fonts/type1/public/cm-super/sfbx1440.
pfb></usr/share/texmf/fonts/type1/public/cm-super/sfcc1200.pfb></usr/share/texm
f/fonts/type1/public/cm-super/sfrm0600.pfb></usr/share/texmf/fonts/type1/public
/cm-super/sfrm0900.pfb></usr/share/texmf/fonts/type1/public/cm-super/sfrm1000.p
fb></usr/share/texmf/fonts/type1/public/cm-super/sfrm1200.pfb></usr/share/texmf
/fonts/type1/public/cm-super/sfrm1728.pfb>
Output written on CahierDesSpecifications.pdf (11 pages, 478775 bytes).
PDF statistics:
 130 PDF objects out of 1000 (max. 8388607)
 91 compressed objects within 1 object stream
 0 named destinations out of 1000 (max. 500000)
 11 words of extra memory for PDF output out of 10000 (max. 10000000)

